Copyright 1986-2016 Xilinx, Inc. All Rights Reserved.
----------------------------------------------------------------------------------------
| Tool Version : Vivado v.2016.3 (win64) Build 1682563 Mon Oct 10 19:07:27 MDT 2016
| Date         : Sun Mar 19 23:27:30 2017
| Host         : Luke-laptop running 64-bit major release  (build 9200)
| Command      : report_control_sets -verbose -file theseus_top_control_sets_placed.rpt
| Design       : theseus_top
| Device       : xc7a35t
----------------------------------------------------------------------------------------

Control Set Information

Table of Contents
-----------------
1. Summary
2. Flip-Flop Distribution
3. Detailed Control Set Information

1. Summary
----------

+----------------------------------------------------------+-------+
|                          Status                          | Count |
+----------------------------------------------------------+-------+
| Number of unique control sets                            |    17 |
| Unused register locations in slices containing registers |    87 |
+----------------------------------------------------------+-------+


2. Flip-Flop Distribution
-------------------------

+--------------+-----------------------+------------------------+-----------------+--------------+
| Clock Enable | Synchronous Set/Reset | Asynchronous Set/Reset | Total Registers | Total Slices |
+--------------+-----------------------+------------------------+-----------------+--------------+
| No           | No                    | No                     |              44 |           22 |
| No           | No                    | Yes                    |              19 |            8 |
| No           | Yes                   | No                     |              81 |           27 |
| Yes          | No                    | No                     |               8 |            3 |
| Yes          | No                    | Yes                    |              38 |           14 |
| Yes          | Yes                   | No                     |              11 |            8 |
+--------------+-----------------------+------------------------+-----------------+--------------+


3. Detailed Control Set Information
-----------------------------------

+-------------------------------------------+------------------------------------------------+-------------------------------------------+------------------+----------------+
|                Clock Signal               |                  Enable Signal                 |              Set/Reset Signal             | Slice Load Count | Bel Load Count |
+-------------------------------------------+------------------------------------------------+-------------------------------------------+------------------+----------------+
|  Clk25M/inst/clk_out1                     |                                                | VGACtrl/VS0                               |                1 |              1 |
|  Clk25M/inst/clk_out1                     |                                                | VGACtrl/HS0                               |                1 |              1 |
|  clk_100MHz_IBUF_BUFG                     |                                                |                                           |                1 |              1 |
|  Clk25M/inst/clk_out1                     |                                                | reset_IBUF                                |                1 |              4 |
|  Clk25M/inst/clk_out1                     | GameLogic/MinotaurSlide/E[0]                   |                                           |                1 |              4 |
|  Clk25M/inst/clk_out1                     | GameLogic/th_map_x0                            |                                           |                2 |              4 |
|  GameLogic/MinotaurSlide/clk_80Hz_reg_n_0 | GameLogic/MinotaurSlide/now_px_Y[8]_i_1__0_n_0 | reset_IBUF                                |                3 |              9 |
|  GameLogic/TheseusSlide/clk               | GameLogic/TheseusSlide/now_px_Y[8]_i_1_n_0     | reset_IBUF                                |                3 |              9 |
|  GameLogic/MinotaurSlide/clk_80Hz_reg_n_0 | GameLogic/MinotaurSlide/now_px_X[9]_i_1__0_n_0 | reset_IBUF                                |                4 |             10 |
|  GameLogic/TheseusSlide/clk               | GameLogic/TheseusSlide/now_px_X[9]_i_1_n_0     | reset_IBUF                                |                4 |             10 |
|  Clk25M/inst/clk_out1                     |                                                | VGACtrl/hcounter[10]_i_1_n_0              |                7 |             11 |
|  Clk25M/inst/clk_out1                     | VGACtrl/eqOp                                   | VGACtrl/vcounter[10]_i_1_n_0              |                8 |             11 |
|  clk25k/CLK                               |                                                | reset_IBUF                                |                7 |             15 |
|  Clk25M/inst/clk_out1                     |                                                | GameLogic/MinotaurSlide/cnt[0]_i_1__0_n_0 |                5 |             18 |
|  Clk25M/inst/clk_out1                     |                                                | GameLogic/TheseusSlide/clear              |                5 |             18 |
|  clk_100MHz_IBUF_BUFG                     |                                                | clk25k/clear                              |                8 |             32 |
|  Clk25M/inst/clk_out1                     |                                                |                                           |               21 |             43 |
+-------------------------------------------+------------------------------------------------+-------------------------------------------+------------------+----------------+


+--------+-----------------------+
| Fanout | Number of ControlSets |
+--------+-----------------------+
| 1      |                     3 |
| 4      |                     3 |
| 9      |                     2 |
| 10     |                     2 |
| 11     |                     2 |
| 15     |                     1 |
| 16+    |                     4 |
+--------+-----------------------+


