Copyright 1986-2016 Xilinx, Inc. All Rights Reserved.
---------------------------------------------------------------------------------------------------------------------------------------
| Tool Version : Vivado v.2016.3 (win64) Build 1682563 Mon Oct 10 19:07:27 MDT 2016
| Date         : Mon Mar 06 16:38:58 2017
| Host         : Luke-laptop running 64-bit major release  (build 9200)
| Command      : report_methodology -file vgademo4_all_top_methodology_drc_routed.rpt -rpx vgademo4_all_top_methodology_drc_routed.rpx
| Design       : vgademo4_all_top
| Device       : xc7a35tcpg236-1
| Speed File   : -1
| Design State : Routed
---------------------------------------------------------------------------------------------------------------------------------------

Report Methodology

Table of Contents
-----------------
1. REPORT SUMMARY
2. REPORT DETAILS

1. REPORT SUMMARY
-----------------
            Netlist: netlist
          Floorplan: design_1
      Design limits: <entire design considered>
             Max violations: <unlimited>
             Violations found: 44
+-----------+----------+-------------------------------+------------+
| Rule      | Severity | Description                   | Violations |
+-----------+----------+-------------------------------+------------+
| SYNTH-10  | Warning  | Wide multiplier               | 6          |
| TIMING-17 | Warning  | Non-clocked sequential cell   | 23         |
| TIMING-18 | Warning  | Missing input or output delay | 15         |
+-----------+----------+-------------------------------+------------+

2. REPORT DETAILS
-----------------
SYNTH-10#1 Warning
Wide multiplier  
Detected multiplier at g11/d0 of size 15x18, it is decomposed from a wide multipler into 4 DSP blocks.
Related violations: <none>

SYNTH-10#2 Warning
Wide multiplier  
Detected multiplier at g11/d0__0 of size 18x18, it is decomposed from a wide multipler into 4 DSP blocks.
Related violations: <none>

SYNTH-10#3 Warning
Wide multiplier  
Detected multiplier at g11/d0__1 of size 18x15, it is decomposed from a wide multipler into 4 DSP blocks.
Related violations: <none>

SYNTH-10#4 Warning
Wide multiplier  
Detected multiplier at g11/d0__2 of size 15x18, it is decomposed from a wide multipler into 4 DSP blocks.
Related violations: <none>

SYNTH-10#5 Warning
Wide multiplier  
Detected multiplier at g11/d0__3 of size 18x18, it is decomposed from a wide multipler into 4 DSP blocks.
Related violations: <none>

SYNTH-10#6 Warning
Wide multiplier  
Detected multiplier at g11/d0__4 of size 18x15, it is decomposed from a wide multipler into 4 DSP blocks.
Related violations: <none>

TIMING-17#1 Warning
Non-clocked sequential cell  
The clock pin b11/Object_X_pos_reg[0]/C is not reached by a timing clock
Related violations: <none>

TIMING-17#2 Warning
Non-clocked sequential cell  
The clock pin b11/Object_X_pos_reg[10]/C is not reached by a timing clock
Related violations: <none>

TIMING-17#3 Warning
Non-clocked sequential cell  
The clock pin b11/Object_X_pos_reg[1]/C is not reached by a timing clock
Related violations: <none>

TIMING-17#4 Warning
Non-clocked sequential cell  
The clock pin b11/Object_X_pos_reg[2]/C is not reached by a timing clock
Related violations: <none>

TIMING-17#5 Warning
Non-clocked sequential cell  
The clock pin b11/Object_X_pos_reg[3]/C is not reached by a timing clock
Related violations: <none>

TIMING-17#6 Warning
Non-clocked sequential cell  
The clock pin b11/Object_X_pos_reg[4]/C is not reached by a timing clock
Related violations: <none>

TIMING-17#7 Warning
Non-clocked sequential cell  
The clock pin b11/Object_X_pos_reg[5]/C is not reached by a timing clock
Related violations: <none>

TIMING-17#8 Warning
Non-clocked sequential cell  
The clock pin b11/Object_X_pos_reg[6]/C is not reached by a timing clock
Related violations: <none>

TIMING-17#9 Warning
Non-clocked sequential cell  
The clock pin b11/Object_X_pos_reg[7]/C is not reached by a timing clock
Related violations: <none>

TIMING-17#10 Warning
Non-clocked sequential cell  
The clock pin b11/Object_X_pos_reg[8]/C is not reached by a timing clock
Related violations: <none>

TIMING-17#11 Warning
Non-clocked sequential cell  
The clock pin b11/Object_X_pos_reg[9]/C is not reached by a timing clock
Related violations: <none>

TIMING-17#12 Warning
Non-clocked sequential cell  
The clock pin b11/flag_reg/C is not reached by a timing clock
Related violations: <none>

TIMING-17#13 Warning
Non-clocked sequential cell  
The clock pin r11/Object_X_pos_reg[10]/C is not reached by a timing clock
Related violations: <none>

TIMING-17#14 Warning
Non-clocked sequential cell  
The clock pin r11/Object_X_pos_reg[1]/C is not reached by a timing clock
Related violations: <none>

TIMING-17#15 Warning
Non-clocked sequential cell  
The clock pin r11/Object_X_pos_reg[2]/C is not reached by a timing clock
Related violations: <none>

TIMING-17#16 Warning
Non-clocked sequential cell  
The clock pin r11/Object_X_pos_reg[3]/C is not reached by a timing clock
Related violations: <none>

TIMING-17#17 Warning
Non-clocked sequential cell  
The clock pin r11/Object_X_pos_reg[4]/C is not reached by a timing clock
Related violations: <none>

TIMING-17#18 Warning
Non-clocked sequential cell  
The clock pin r11/Object_X_pos_reg[5]/C is not reached by a timing clock
Related violations: <none>

TIMING-17#19 Warning
Non-clocked sequential cell  
The clock pin r11/Object_X_pos_reg[6]/C is not reached by a timing clock
Related violations: <none>

TIMING-17#20 Warning
Non-clocked sequential cell  
The clock pin r11/Object_X_pos_reg[7]/C is not reached by a timing clock
Related violations: <none>

TIMING-17#21 Warning
Non-clocked sequential cell  
The clock pin r11/Object_X_pos_reg[8]/C is not reached by a timing clock
Related violations: <none>

TIMING-17#22 Warning
Non-clocked sequential cell  
The clock pin r11/Object_X_pos_reg[9]/C is not reached by a timing clock
Related violations: <none>

TIMING-17#23 Warning
Non-clocked sequential cell  
The clock pin r11/flag_reg/C is not reached by a timing clock
Related violations: <none>

TIMING-18#1 Warning
Missing input or output delay  
An input delay is missing on reset relative to clock(s) VIRTUAL_clk_out1_clk_wiz_0 
Related violations: <none>

TIMING-18#2 Warning
Missing input or output delay  
An output delay is missing on B0 relative to clock(s) VIRTUAL_clk_out1_clk_wiz_0 
Related violations: <none>

TIMING-18#3 Warning
Missing input or output delay  
An output delay is missing on B1 relative to clock(s) VIRTUAL_clk_out1_clk_wiz_0 
Related violations: <none>

TIMING-18#4 Warning
Missing input or output delay  
An output delay is missing on B2 relative to clock(s) VIRTUAL_clk_out1_clk_wiz_0 
Related violations: <none>

TIMING-18#5 Warning
Missing input or output delay  
An output delay is missing on B3 relative to clock(s) VIRTUAL_clk_out1_clk_wiz_0 
Related violations: <none>

TIMING-18#6 Warning
Missing input or output delay  
An output delay is missing on G0 relative to clock(s) VIRTUAL_clk_out1_clk_wiz_0 
Related violations: <none>

TIMING-18#7 Warning
Missing input or output delay  
An output delay is missing on G1 relative to clock(s) VIRTUAL_clk_out1_clk_wiz_0 
Related violations: <none>

TIMING-18#8 Warning
Missing input or output delay  
An output delay is missing on G2 relative to clock(s) VIRTUAL_clk_out1_clk_wiz_0 
Related violations: <none>

TIMING-18#9 Warning
Missing input or output delay  
An output delay is missing on G3 relative to clock(s) VIRTUAL_clk_out1_clk_wiz_0 
Related violations: <none>

TIMING-18#10 Warning
Missing input or output delay  
An output delay is missing on HSYNC relative to clock(s) VIRTUAL_clk_out1_clk_wiz_0 
Related violations: <none>

TIMING-18#11 Warning
Missing input or output delay  
An output delay is missing on R0 relative to clock(s) VIRTUAL_clk_out1_clk_wiz_0 
Related violations: <none>

TIMING-18#12 Warning
Missing input or output delay  
An output delay is missing on R1 relative to clock(s) VIRTUAL_clk_out1_clk_wiz_0 
Related violations: <none>

TIMING-18#13 Warning
Missing input or output delay  
An output delay is missing on R2 relative to clock(s) VIRTUAL_clk_out1_clk_wiz_0 
Related violations: <none>

TIMING-18#14 Warning
Missing input or output delay  
An output delay is missing on R3 relative to clock(s) VIRTUAL_clk_out1_clk_wiz_0 
Related violations: <none>

TIMING-18#15 Warning
Missing input or output delay  
An output delay is missing on VSYNC relative to clock(s) VIRTUAL_clk_out1_clk_wiz_0 
Related violations: <none>


